<?xml version="1.0" encoding="UTF-8"?>
<!-- Generated by org.testng.reporters.JUnitReportReporter -->
<testsuite hostname="DESKTOP-5TCP881" failures="0" tests="1" name="Assignment9.Assignment9" time="27.214" errors="0" timestamp="2024-03-13T20:28:33 IST" skipped="0">
  <testcase classname="Assignment9.Assignment9" name="validateSearchProduct" time="27.214"/>
  <system-out/>
</testsuite> <!-- Assignment9.Assignment9 -->
