<?xml version="1.0" encoding="UTF-8"?>
<!-- Generated by org.testng.reporters.JUnitReportReporter -->
<testsuite hostname="DESKTOP-5TCP881" failures="0" tests="1" name="Assignment5.Assignment5" time="2.637" errors="0" timestamp="2024-02-26T19:45:13 IST" skipped="0">
  <testcase classname="Assignment5.Assignment5" name="getTitleLinks" time="2.637"/>
  <system-out/>
</testsuite> <!-- Assignment5.Assignment5 -->
