<?xml version="1.0" encoding="UTF-8"?>
<!-- Generated by org.testng.reporters.JUnitReportReporter -->
<testsuite hostname="DESKTOP-5TCP881" failures="0" tests="1" name="Assignment3.Assignment3" time="9.095" errors="0" timestamp="2024-03-13T20:14:07 IST" skipped="0">
  <testcase classname="Assignment3.Assignment3" name="validateLogin" time="9.095"/>
  <system-out/>
</testsuite> <!-- Assignment3.Assignment3 -->
