<?xml version="1.0" encoding="UTF-8"?>
<!-- Generated by org.testng.reporters.JUnitReportReporter -->
<testsuite hostname="DESKTOP-5TCP881" failures="0" tests="1" name="Assignment3.Assignment3" time="3.286" errors="0" timestamp="2024-02-04T21:30:41 IST" skipped="0">
  <testcase classname="Assignment3.Assignment3" name="validateLogin" time="3.286"/>
  <system-out/>
</testsuite> <!-- Assignment3.Assignment3 -->
