<?xml version="1.0" encoding="UTF-8"?>
<!-- Generated by org.testng.reporters.JUnitReportReporter -->
<testsuite hostname="DESKTOP-5TCP881" failures="0" tests="1" name="Assignment1.Assignment1" time="0.113" errors="0" timestamp="2024-02-10T19:24:37 IST" skipped="0">
  <testcase classname="Assignment1.Assignment1" name="validateTitle" time="0.113"/>
  <system-out/>
</testsuite> <!-- Assignment1.Assignment1 -->
