<?xml version="1.0" encoding="UTF-8"?>
<!-- Generated by org.testng.reporters.JUnitReportReporter -->
<testsuite hostname="DESKTOP-5TCP881" failures="0" tests="1" name="Assignment8.Assignment8" time="11.998" errors="0" timestamp="2024-03-03T21:05:23 IST" skipped="0">
  <testcase classname="Assignment8.Assignment8" name="validateRunningTrains" time="11.998"/>
  <system-out/>
</testsuite> <!-- Assignment8.Assignment8 -->
