<?xml version="1.0" encoding="UTF-8"?>
<!-- Generated by org.testng.reporters.JUnitReportReporter -->
<testsuite hostname="DESKTOP-5TCP881" failures="0" tests="1" name="Assignment1.Assignment1" time="15.613" errors="0" timestamp="2024-03-13T20:14:07 IST" skipped="0">
  <testcase classname="Assignment1.Assignment1" name="validateTitle" time="15.613"/>
  <system-out/>
</testsuite> <!-- Assignment1.Assignment1 -->
