<?xml version="1.0" encoding="UTF-8"?>
<!-- Generated by org.testng.reporters.JUnitReportReporter -->
<testsuite hostname="DESKTOP-5TCP881" failures="0" tests="1" name="Assignment6.Assignment6" time="2.250" errors="0" timestamp="2024-02-26T19:45:13 IST" skipped="0">
  <testcase classname="Assignment6.Assignment6" name="getMethodandReturnType" time="2.250"/>
  <system-out/>
</testsuite> <!-- Assignment6.Assignment6 -->
