<?xml version="1.0" encoding="UTF-8"?>
<!-- Generated by org.testng.reporters.JUnitReportReporter -->
<testsuite hostname="DESKTOP-5TCP881" failures="0" tests="1" name="Assignment4.Assignment4" time="1.157" errors="0" timestamp="2024-02-07T19:23:48 IST" skipped="0">
  <testcase classname="Assignment4.Assignment4" name="getTitleLinks" time="1.157"/>
  <system-out/>
</testsuite> <!-- Assignment4.Assignment4 -->
