<?xml version="1.0" encoding="UTF-8"?>
<!-- Generated by org.testng.reporters.JUnitReportReporter -->
<testsuite hostname="DESKTOP-5TCP881" failures="0" tests="2" name="Assignment7.Assignment7" time="33.022" errors="0" timestamp="2024-03-13T20:14:07 IST" skipped="0">
  <testcase classname="Assignment7.Assignment7" name="validateLogin" time="15.408"/>
  <system-out/>
  <testcase classname="Assignment7.Assignment7" name="validateBookAdded" time="17.614"/>
  <system-out/>
</testsuite> <!-- Assignment7.Assignment7 -->
