<?xml version="1.0" encoding="UTF-8"?>
<!-- Generated by org.testng.reporters.JUnitReportReporter -->
<testsuite hostname="DESKTOP-5TCP881" failures="0" tests="1" name="Assignment2.Assignment2" time="0.819" errors="0" timestamp="2024-02-04T21:09:04 IST" skipped="0">
  <testcase classname="Assignment2.Assignment2" name="validateURL" time="0.819"/>
  <system-out/>
</testsuite> <!-- Assignment2.Assignment2 -->
